  main.cpp
  ofApp.cpp
  ofxFXObject.cpp
  ofxBaseGui.cpp
C:\Users\n\Documents\Visual Studio 2015\Projects\of_v0.9.4_vs_release\libs\openFrameworks\math\ofMatrix4x4.h(320): warning C4267: 'argument': conversion from 'size_t' to 'int', possible loss of data (compiling source file ..\..\..\addons\ofxGui\src\ofxBaseGui.cpp)
C:\Users\n\Documents\Visual Studio 2015\Projects\of_v0.9.4_vs_release\libs\openFrameworks\math\ofMatrix4x4.h(325): warning C4267: 'argument': conversion from 'size_t' to 'int', possible loss of data (compiling source file ..\..\..\addons\ofxGui\src\ofxBaseGui.cpp)
C:\Users\n\Documents\Visual Studio 2015\Projects\of_v0.9.4_vs_release\libs\openFrameworks\math\ofMatrix4x4.h(969): warning C4267: 'argument': conversion from 'size_t' to 'int', possible loss of data (compiling source file ..\..\..\addons\ofxGui\src\ofxBaseGui.cpp)
C:\Users\n\Documents\Visual Studio 2015\Projects\of_v0.9.4_vs_release\libs\openFrameworks\math\ofMatrix4x4.h(970): warning C4267: 'argument': conversion from 'size_t' to 'int', possible loss of data (compiling source file ..\..\..\addons\ofxGui\src\ofxBaseGui.cpp)
C:\Users\n\Documents\Visual Studio 2015\Projects\of_v0.9.4_vs_release\libs\openFrameworks\math\ofMatrix4x4.h(971): warning C4267: 'argument': conversion from 'size_t' to 'int', possible loss of data (compiling source file ..\..\..\addons\ofxGui\src\ofxBaseGui.cpp)
C:\Users\n\Documents\Visual Studio 2015\Projects\of_v0.9.4_vs_release\libs\openFrameworks\math\ofMatrix4x4.h(972): warning C4267: 'argument': conversion from 'size_t' to 'int', possible loss of data (compiling source file ..\..\..\addons\ofxGui\src\ofxBaseGui.cpp)
C:\Users\n\Documents\Visual Studio 2015\Projects\of_v0.9.4_vs_release\libs\openFrameworks\math\ofMatrix4x4.h(320): warning C4267: 'argument': conversion from 'size_t' to 'int', possible loss of data (compiling source file ..\..\..\addons\ofxFX\src\ofxFXObject.cpp)
C:\Users\n\Documents\Visual Studio 2015\Projects\of_v0.9.4_vs_release\libs\openFrameworks\math\ofMatrix4x4.h(325): warning C4267: 'argument': conversion from 'size_t' to 'int', possible loss of data (compiling source file ..\..\..\addons\ofxFX\src\ofxFXObject.cpp)
C:\Users\n\Documents\Visual Studio 2015\Projects\of_v0.9.4_vs_release\libs\openFrameworks\math\ofMatrix4x4.h(969): warning C4267: 'argument': conversion from 'size_t' to 'int', possible loss of data (compiling source file ..\..\..\addons\ofxFX\src\ofxFXObject.cpp)
C:\Users\n\Documents\Visual Studio 2015\Projects\of_v0.9.4_vs_release\libs\openFrameworks\math\ofMatrix4x4.h(970): warning C4267: 'argument': conversion from 'size_t' to 'int', possible loss of data (compiling source file ..\..\..\addons\ofxFX\src\ofxFXObject.cpp)
C:\Users\n\Documents\Visual Studio 2015\Projects\of_v0.9.4_vs_release\libs\openFrameworks\math\ofMatrix4x4.h(971): warning C4267: 'argument': conversion from 'size_t' to 'int', possible loss of data (compiling source file ..\..\..\addons\ofxFX\src\ofxFXObject.cpp)
C:\Users\n\Documents\Visual Studio 2015\Projects\of_v0.9.4_vs_release\libs\openFrameworks\math\ofMatrix4x4.h(972): warning C4267: 'argument': conversion from 'size_t' to 'int', possible loss of data (compiling source file ..\..\..\addons\ofxFX\src\ofxFXObject.cpp)
C:\Users\n\Documents\Visual Studio 2015\Projects\of_v0.9.4_vs_release\libs\openFrameworks\math\ofMatrix4x4.h(320): warning C4267: 'argument': conversion from 'size_t' to 'int', possible loss of data (compiling source file src\ofApp.cpp)
C:\Users\n\Documents\Visual Studio 2015\Projects\of_v0.9.4_vs_release\libs\openFrameworks\math\ofMatrix4x4.h(325): warning C4267: 'argument': conversion from 'size_t' to 'int', possible loss of data (compiling source file src\ofApp.cpp)
C:\Users\n\Documents\Visual Studio 2015\Projects\of_v0.9.4_vs_release\libs\openFrameworks\math\ofMatrix4x4.h(320): warning C4267: 'argument': conversion from 'size_t' to 'int', possible loss of data (compiling source file src\main.cpp)
C:\Users\n\Documents\Visual Studio 2015\Projects\of_v0.9.4_vs_release\libs\openFrameworks\math\ofMatrix4x4.h(325): warning C4267: 'argument': conversion from 'size_t' to 'int', possible loss of data (compiling source file src\main.cpp)
C:\Users\n\Documents\Visual Studio 2015\Projects\of_v0.9.4_vs_release\libs\openFrameworks\math\ofMatrix4x4.h(969): warning C4267: 'argument': conversion from 'size_t' to 'int', possible loss of data (compiling source file src\ofApp.cpp)
C:\Users\n\Documents\Visual Studio 2015\Projects\of_v0.9.4_vs_release\libs\openFrameworks\math\ofMatrix4x4.h(970): warning C4267: 'argument': conversion from 'size_t' to 'int', possible loss of data (compiling source file src\ofApp.cpp)
C:\Users\n\Documents\Visual Studio 2015\Projects\of_v0.9.4_vs_release\libs\openFrameworks\math\ofMatrix4x4.h(971): warning C4267: 'argument': conversion from 'size_t' to 'int', possible loss of data (compiling source file src\ofApp.cpp)
C:\Users\n\Documents\Visual Studio 2015\Projects\of_v0.9.4_vs_release\libs\openFrameworks\math\ofMatrix4x4.h(972): warning C4267: 'argument': conversion from 'size_t' to 'int', possible loss of data (compiling source file src\ofApp.cpp)
C:\Users\n\Documents\Visual Studio 2015\Projects\of_v0.9.4_vs_release\libs\openFrameworks\math\ofMatrix4x4.h(969): warning C4267: 'argument': conversion from 'size_t' to 'int', possible loss of data (compiling source file src\main.cpp)
C:\Users\n\Documents\Visual Studio 2015\Projects\of_v0.9.4_vs_release\libs\openFrameworks\math\ofMatrix4x4.h(970): warning C4267: 'argument': conversion from 'size_t' to 'int', possible loss of data (compiling source file src\main.cpp)
C:\Users\n\Documents\Visual Studio 2015\Projects\of_v0.9.4_vs_release\libs\openFrameworks\math\ofMatrix4x4.h(971): warning C4267: 'argument': conversion from 'size_t' to 'int', possible loss of data (compiling source file src\main.cpp)
C:\Users\n\Documents\Visual Studio 2015\Projects\of_v0.9.4_vs_release\libs\openFrameworks\math\ofMatrix4x4.h(972): warning C4267: 'argument': conversion from 'size_t' to 'int', possible loss of data (compiling source file src\main.cpp)
src\ofApp.cpp(30): warning C4267: '=': conversion from 'size_t' to 'int', possible loss of data
  ofxButton.cpp
  ofxGuiGroup.cpp
  ofxLabel.cpp
  ofxPanel.cpp
c:\users\n\documents\visual studio 2015\projects\of_v0.9.4_vs_release\libs\openframeworks\math\ofMatrix4x4.h(320): warning C4267: 'argument': conversion from 'size_t' to 'int', possible loss of data (compiling source file ..\..\..\addons\ofxGui\src\ofxButton.cpp)
c:\users\n\documents\visual studio 2015\projects\of_v0.9.4_vs_release\libs\openframeworks\math\ofMatrix4x4.h(325): warning C4267: 'argument': conversion from 'size_t' to 'int', possible loss of data (compiling source file ..\..\..\addons\ofxGui\src\ofxButton.cpp)
c:\users\n\documents\visual studio 2015\projects\of_v0.9.4_vs_release\libs\openframeworks\math\ofMatrix4x4.h(969): warning C4267: 'argument': conversion from 'size_t' to 'int', possible loss of data (compiling source file ..\..\..\addons\ofxGui\src\ofxButton.cpp)
c:\users\n\documents\visual studio 2015\projects\of_v0.9.4_vs_release\libs\openframeworks\math\ofMatrix4x4.h(970): warning C4267: 'argument': conversion from 'size_t' to 'int', possible loss of data (compiling source file ..\..\..\addons\ofxGui\src\ofxButton.cpp)
c:\users\n\documents\visual studio 2015\projects\of_v0.9.4_vs_release\libs\openframeworks\math\ofMatrix4x4.h(971): warning C4267: 'argument': conversion from 'size_t' to 'int', possible loss of data (compiling source file ..\..\..\addons\ofxGui\src\ofxButton.cpp)
c:\users\n\documents\visual studio 2015\projects\of_v0.9.4_vs_release\libs\openframeworks\math\ofMatrix4x4.h(972): warning C4267: 'argument': conversion from 'size_t' to 'int', possible loss of data (compiling source file ..\..\..\addons\ofxGui\src\ofxButton.cpp)
C:\Users\n\Documents\Visual Studio 2015\Projects\of_v0.9.4_vs_release\libs\openFrameworks\math\ofMatrix4x4.h(320): warning C4267: 'argument': conversion from 'size_t' to 'int', possible loss of data (compiling source file ..\..\..\addons\ofxGui\src\ofxGuiGroup.cpp)
C:\Users\n\Documents\Visual Studio 2015\Projects\of_v0.9.4_vs_release\libs\openFrameworks\math\ofMatrix4x4.h(325): warning C4267: 'argument': conversion from 'size_t' to 'int', possible loss of data (compiling source file ..\..\..\addons\ofxGui\src\ofxGuiGroup.cpp)
C:\Users\n\Documents\Visual Studio 2015\Projects\of_v0.9.4_vs_release\libs\openFrameworks\math\ofMatrix4x4.h(969): warning C4267: 'argument': conversion from 'size_t' to 'int', possible loss of data (compiling source file ..\..\..\addons\ofxGui\src\ofxGuiGroup.cpp)
C:\Users\n\Documents\Visual Studio 2015\Projects\of_v0.9.4_vs_release\libs\openFrameworks\math\ofMatrix4x4.h(970): warning C4267: 'argument': conversion from 'size_t' to 'int', possible loss of data (compiling source file ..\..\..\addons\ofxGui\src\ofxGuiGroup.cpp)
C:\Users\n\Documents\Visual Studio 2015\Projects\of_v0.9.4_vs_release\libs\openFrameworks\math\ofMatrix4x4.h(971): warning C4267: 'argument': conversion from 'size_t' to 'int', possible loss of data (compiling source file ..\..\..\addons\ofxGui\src\ofxGuiGroup.cpp)
C:\Users\n\Documents\Visual Studio 2015\Projects\of_v0.9.4_vs_release\libs\openFrameworks\math\ofMatrix4x4.h(972): warning C4267: 'argument': conversion from 'size_t' to 'int', possible loss of data (compiling source file ..\..\..\addons\ofxGui\src\ofxGuiGroup.cpp)
C:\Users\n\Documents\Visual Studio 2015\Projects\of_v0.9.4_vs_release\libs\openFrameworks\math\ofMatrix4x4.h(320): warning C4267: 'argument': conversion from 'size_t' to 'int', possible loss of data (compiling source file ..\..\..\addons\ofxGui\src\ofxLabel.cpp)
C:\Users\n\Documents\Visual Studio 2015\Projects\of_v0.9.4_vs_release\libs\openFrameworks\math\ofMatrix4x4.h(325): warning C4267: 'argument': conversion from 'size_t' to 'int', possible loss of data (compiling source file ..\..\..\addons\ofxGui\src\ofxLabel.cpp)
C:\Users\n\Documents\Visual Studio 2015\Projects\of_v0.9.4_vs_release\libs\openFrameworks\math\ofMatrix4x4.h(969): warning C4267: 'argument': conversion from 'size_t' to 'int', possible loss of data (compiling source file ..\..\..\addons\ofxGui\src\ofxLabel.cpp)
C:\Users\n\Documents\Visual Studio 2015\Projects\of_v0.9.4_vs_release\libs\openFrameworks\math\ofMatrix4x4.h(970): warning C4267: 'argument': conversion from 'size_t' to 'int', possible loss of data (compiling source file ..\..\..\addons\ofxGui\src\ofxLabel.cpp)
C:\Users\n\Documents\Visual Studio 2015\Projects\of_v0.9.4_vs_release\libs\openFrameworks\math\ofMatrix4x4.h(971): warning C4267: 'argument': conversion from 'size_t' to 'int', possible loss of data (compiling source file ..\..\..\addons\ofxGui\src\ofxLabel.cpp)
C:\Users\n\Documents\Visual Studio 2015\Projects\of_v0.9.4_vs_release\libs\openFrameworks\math\ofMatrix4x4.h(972): warning C4267: 'argument': conversion from 'size_t' to 'int', possible loss of data (compiling source file ..\..\..\addons\ofxGui\src\ofxLabel.cpp)
C:\Users\n\Documents\Visual Studio 2015\Projects\of_v0.9.4_vs_release\libs\openFrameworks\math\ofMatrix4x4.h(320): warning C4267: 'argument': conversion from 'size_t' to 'int', possible loss of data (compiling source file ..\..\..\addons\ofxGui\src\ofxPanel.cpp)
C:\Users\n\Documents\Visual Studio 2015\Projects\of_v0.9.4_vs_release\libs\openFrameworks\math\ofMatrix4x4.h(325): warning C4267: 'argument': conversion from 'size_t' to 'int', possible loss of data (compiling source file ..\..\..\addons\ofxGui\src\ofxPanel.cpp)
C:\Users\n\Documents\Visual Studio 2015\Projects\of_v0.9.4_vs_release\libs\openFrameworks\math\ofMatrix4x4.h(969): warning C4267: 'argument': conversion from 'size_t' to 'int', possible loss of data (compiling source file ..\..\..\addons\ofxGui\src\ofxPanel.cpp)
C:\Users\n\Documents\Visual Studio 2015\Projects\of_v0.9.4_vs_release\libs\openFrameworks\math\ofMatrix4x4.h(970): warning C4267: 'argument': conversion from 'size_t' to 'int', possible loss of data (compiling source file ..\..\..\addons\ofxGui\src\ofxPanel.cpp)
C:\Users\n\Documents\Visual Studio 2015\Projects\of_v0.9.4_vs_release\libs\openFrameworks\math\ofMatrix4x4.h(971): warning C4267: 'argument': conversion from 'size_t' to 'int', possible loss of data (compiling source file ..\..\..\addons\ofxGui\src\ofxPanel.cpp)
C:\Users\n\Documents\Visual Studio 2015\Projects\of_v0.9.4_vs_release\libs\openFrameworks\math\ofMatrix4x4.h(972): warning C4267: 'argument': conversion from 'size_t' to 'int', possible loss of data (compiling source file ..\..\..\addons\ofxGui\src\ofxPanel.cpp)
  ofxSlider.cpp
  ofxSliderGroup.cpp
  ofxToggle.cpp
C:\Users\n\Documents\Visual Studio 2015\Projects\of_v0.9.4_vs_release\libs\openFrameworks\math\ofMatrix4x4.h(320): warning C4267: 'argument': conversion from 'size_t' to 'int', possible loss of data (compiling source file ..\..\..\addons\ofxGui\src\ofxSlider.cpp)
C:\Users\n\Documents\Visual Studio 2015\Projects\of_v0.9.4_vs_release\libs\openFrameworks\math\ofMatrix4x4.h(325): warning C4267: 'argument': conversion from 'size_t' to 'int', possible loss of data (compiling source file ..\..\..\addons\ofxGui\src\ofxSlider.cpp)
C:\Users\n\Documents\Visual Studio 2015\Projects\of_v0.9.4_vs_release\libs\openFrameworks\math\ofMatrix4x4.h(969): warning C4267: 'argument': conversion from 'size_t' to 'int', possible loss of data (compiling source file ..\..\..\addons\ofxGui\src\ofxSlider.cpp)
C:\Users\n\Documents\Visual Studio 2015\Projects\of_v0.9.4_vs_release\libs\openFrameworks\math\ofMatrix4x4.h(970): warning C4267: 'argument': conversion from 'size_t' to 'int', possible loss of data (compiling source file ..\..\..\addons\ofxGui\src\ofxSlider.cpp)
C:\Users\n\Documents\Visual Studio 2015\Projects\of_v0.9.4_vs_release\libs\openFrameworks\math\ofMatrix4x4.h(971): warning C4267: 'argument': conversion from 'size_t' to 'int', possible loss of data (compiling source file ..\..\..\addons\ofxGui\src\ofxSlider.cpp)
C:\Users\n\Documents\Visual Studio 2015\Projects\of_v0.9.4_vs_release\libs\openFrameworks\math\ofMatrix4x4.h(972): warning C4267: 'argument': conversion from 'size_t' to 'int', possible loss of data (compiling source file ..\..\..\addons\ofxGui\src\ofxSlider.cpp)
C:\Users\n\Documents\Visual Studio 2015\Projects\of_v0.9.4_vs_release\libs\openFrameworks\math\ofMatrix4x4.h(320): warning C4267: 'argument': conversion from 'size_t' to 'int', possible loss of data (compiling source file ..\..\..\addons\ofxGui\src\ofxSliderGroup.cpp)
C:\Users\n\Documents\Visual Studio 2015\Projects\of_v0.9.4_vs_release\libs\openFrameworks\math\ofMatrix4x4.h(325): warning C4267: 'argument': conversion from 'size_t' to 'int', possible loss of data (compiling source file ..\..\..\addons\ofxGui\src\ofxSliderGroup.cpp)
C:\Users\n\Documents\Visual Studio 2015\Projects\of_v0.9.4_vs_release\libs\openFrameworks\math\ofMatrix4x4.h(969): warning C4267: 'argument': conversion from 'size_t' to 'int', possible loss of data (compiling source file ..\..\..\addons\ofxGui\src\ofxSliderGroup.cpp)
C:\Users\n\Documents\Visual Studio 2015\Projects\of_v0.9.4_vs_release\libs\openFrameworks\math\ofMatrix4x4.h(970): warning C4267: 'argument': conversion from 'size_t' to 'int', possible loss of data (compiling source file ..\..\..\addons\ofxGui\src\ofxSliderGroup.cpp)
C:\Users\n\Documents\Visual Studio 2015\Projects\of_v0.9.4_vs_release\libs\openFrameworks\math\ofMatrix4x4.h(971): warning C4267: 'argument': conversion from 'size_t' to 'int', possible loss of data (compiling source file ..\..\..\addons\ofxGui\src\ofxSliderGroup.cpp)
C:\Users\n\Documents\Visual Studio 2015\Projects\of_v0.9.4_vs_release\libs\openFrameworks\math\ofMatrix4x4.h(972): warning C4267: 'argument': conversion from 'size_t' to 'int', possible loss of data (compiling source file ..\..\..\addons\ofxGui\src\ofxSliderGroup.cpp)
c:\users\n\documents\visual studio 2015\projects\of_v0.9.4_vs_release\libs\openframeworks\math\ofMatrix4x4.h(320): warning C4267: 'argument': conversion from 'size_t' to 'int', possible loss of data (compiling source file ..\..\..\addons\ofxGui\src\ofxToggle.cpp)
c:\users\n\documents\visual studio 2015\projects\of_v0.9.4_vs_release\libs\openframeworks\math\ofMatrix4x4.h(325): warning C4267: 'argument': conversion from 'size_t' to 'int', possible loss of data (compiling source file ..\..\..\addons\ofxGui\src\ofxToggle.cpp)
c:\users\n\documents\visual studio 2015\projects\of_v0.9.4_vs_release\libs\openframeworks\math\ofMatrix4x4.h(969): warning C4267: 'argument': conversion from 'size_t' to 'int', possible loss of data (compiling source file ..\..\..\addons\ofxGui\src\ofxToggle.cpp)
c:\users\n\documents\visual studio 2015\projects\of_v0.9.4_vs_release\libs\openframeworks\math\ofMatrix4x4.h(970): warning C4267: 'argument': conversion from 'size_t' to 'int', possible loss of data (compiling source file ..\..\..\addons\ofxGui\src\ofxToggle.cpp)
c:\users\n\documents\visual studio 2015\projects\of_v0.9.4_vs_release\libs\openframeworks\math\ofMatrix4x4.h(971): warning C4267: 'argument': conversion from 'size_t' to 'int', possible loss of data (compiling source file ..\..\..\addons\ofxGui\src\ofxToggle.cpp)
c:\users\n\documents\visual studio 2015\projects\of_v0.9.4_vs_release\libs\openframeworks\math\ofMatrix4x4.h(972): warning C4267: 'argument': conversion from 'size_t' to 'int', possible loss of data (compiling source file ..\..\..\addons\ofxGui\src\ofxToggle.cpp)
  ofxOscBundle.cpp
  ofxOscMessage.cpp
C:\Users\n\Documents\Visual Studio 2015\Projects\of_v0.9.4_vs_release\libs\openFrameworks\math\ofMatrix4x4.h(320): warning C4267: 'argument': conversion from 'size_t' to 'int', possible loss of data (compiling source file ..\..\..\addons\ofxOsc\src\ofxOscBundle.cpp)
C:\Users\n\Documents\Visual Studio 2015\Projects\of_v0.9.4_vs_release\libs\openFrameworks\math\ofMatrix4x4.h(325): warning C4267: 'argument': conversion from 'size_t' to 'int', possible loss of data (compiling source file ..\..\..\addons\ofxOsc\src\ofxOscBundle.cpp)
C:\Users\n\Documents\Visual Studio 2015\Projects\of_v0.9.4_vs_release\libs\openFrameworks\math\ofMatrix4x4.h(969): warning C4267: 'argument': conversion from 'size_t' to 'int', possible loss of data (compiling source file ..\..\..\addons\ofxOsc\src\ofxOscBundle.cpp)
C:\Users\n\Documents\Visual Studio 2015\Projects\of_v0.9.4_vs_release\libs\openFrameworks\math\ofMatrix4x4.h(970): warning C4267: 'argument': conversion from 'size_t' to 'int', possible loss of data (compiling source file ..\..\..\addons\ofxOsc\src\ofxOscBundle.cpp)
C:\Users\n\Documents\Visual Studio 2015\Projects\of_v0.9.4_vs_release\libs\openFrameworks\math\ofMatrix4x4.h(971): warning C4267: 'argument': conversion from 'size_t' to 'int', possible loss of data (compiling source file ..\..\..\addons\ofxOsc\src\ofxOscBundle.cpp)
C:\Users\n\Documents\Visual Studio 2015\Projects\of_v0.9.4_vs_release\libs\openFrameworks\math\ofMatrix4x4.h(972): warning C4267: 'argument': conversion from 'size_t' to 'int', possible loss of data (compiling source file ..\..\..\addons\ofxOsc\src\ofxOscBundle.cpp)
  ofxOscParameterSync.cpp
C:\Users\n\Documents\Visual Studio 2015\Projects\of_v0.9.4_vs_release\libs\openFrameworks\math\ofMatrix4x4.h(320): warning C4267: 'argument': conversion from 'size_t' to 'int', possible loss of data (compiling source file ..\..\..\addons\ofxOsc\src\ofxOscMessage.cpp)
C:\Users\n\Documents\Visual Studio 2015\Projects\of_v0.9.4_vs_release\libs\openFrameworks\math\ofMatrix4x4.h(325): warning C4267: 'argument': conversion from 'size_t' to 'int', possible loss of data (compiling source file ..\..\..\addons\ofxOsc\src\ofxOscMessage.cpp)
C:\Users\n\Documents\Visual Studio 2015\Projects\of_v0.9.4_vs_release\libs\openFrameworks\math\ofMatrix4x4.h(969): warning C4267: 'argument': conversion from 'size_t' to 'int', possible loss of data (compiling source file ..\..\..\addons\ofxOsc\src\ofxOscMessage.cpp)
C:\Users\n\Documents\Visual Studio 2015\Projects\of_v0.9.4_vs_release\libs\openFrameworks\math\ofMatrix4x4.h(970): warning C4267: 'argument': conversion from 'size_t' to 'int', possible loss of data (compiling source file ..\..\..\addons\ofxOsc\src\ofxOscMessage.cpp)
C:\Users\n\Documents\Visual Studio 2015\Projects\of_v0.9.4_vs_release\libs\openFrameworks\math\ofMatrix4x4.h(971): warning C4267: 'argument': conversion from 'size_t' to 'int', possible loss of data (compiling source file ..\..\..\addons\ofxOsc\src\ofxOscMessage.cpp)
C:\Users\n\Documents\Visual Studio 2015\Projects\of_v0.9.4_vs_release\libs\openFrameworks\math\ofMatrix4x4.h(972): warning C4267: 'argument': conversion from 'size_t' to 'int', possible loss of data (compiling source file ..\..\..\addons\ofxOsc\src\ofxOscMessage.cpp)
c:\users\n\documents\visual studio 2015\projects\of_v0.9.4_vs_release\addons\ofxosc\src\ofxOscBundle.h(52): warning C4267: 'return': conversion from 'size_t' to 'int', possible loss of data (compiling source file ..\..\..\addons\ofxOsc\src\ofxOscBundle.cpp)
c:\users\n\documents\visual studio 2015\projects\of_v0.9.4_vs_release\addons\ofxosc\src\ofxOscBundle.h(53): warning C4267: 'return': conversion from 'size_t' to 'int', possible loss of data (compiling source file ..\..\..\addons\ofxOsc\src\ofxOscBundle.cpp)
  ofxOscReceiver.cpp
C:\Users\n\Documents\Visual Studio 2015\Projects\of_v0.9.4_vs_release\libs\openFrameworks\math\ofMatrix4x4.h(320): warning C4267: 'argument': conversion from 'size_t' to 'int', possible loss of data (compiling source file ..\..\..\addons\ofxOsc\src\ofxOscParameterSync.cpp)
C:\Users\n\Documents\Visual Studio 2015\Projects\of_v0.9.4_vs_release\libs\openFrameworks\math\ofMatrix4x4.h(325): warning C4267: 'argument': conversion from 'size_t' to 'int', possible loss of data (compiling source file ..\..\..\addons\ofxOsc\src\ofxOscParameterSync.cpp)
C:\Users\n\Documents\Visual Studio 2015\Projects\of_v0.9.4_vs_release\libs\openFrameworks\math\ofMatrix4x4.h(969): warning C4267: 'argument': conversion from 'size_t' to 'int', possible loss of data (compiling source file ..\..\..\addons\ofxOsc\src\ofxOscParameterSync.cpp)
C:\Users\n\Documents\Visual Studio 2015\Projects\of_v0.9.4_vs_release\libs\openFrameworks\math\ofMatrix4x4.h(970): warning C4267: 'argument': conversion from 'size_t' to 'int', possible loss of data (compiling source file ..\..\..\addons\ofxOsc\src\ofxOscParameterSync.cpp)
C:\Users\n\Documents\Visual Studio 2015\Projects\of_v0.9.4_vs_release\libs\openFrameworks\math\ofMatrix4x4.h(971): warning C4267: 'argument': conversion from 'size_t' to 'int', possible loss of data (compiling source file ..\..\..\addons\ofxOsc\src\ofxOscParameterSync.cpp)
C:\Users\n\Documents\Visual Studio 2015\Projects\of_v0.9.4_vs_release\libs\openFrameworks\math\ofMatrix4x4.h(972): warning C4267: 'argument': conversion from 'size_t' to 'int', possible loss of data (compiling source file ..\..\..\addons\ofxOsc\src\ofxOscParameterSync.cpp)
C:\Users\n\Documents\Visual Studio 2015\Projects\of_v0.9.4_vs_release\libs\openFrameworks\math\ofMatrix4x4.h(320): warning C4267: 'argument': conversion from 'size_t' to 'int', possible loss of data (compiling source file ..\..\..\addons\ofxOsc\src\ofxOscReceiver.cpp)
C:\Users\n\Documents\Visual Studio 2015\Projects\of_v0.9.4_vs_release\libs\openFrameworks\math\ofMatrix4x4.h(325): warning C4267: 'argument': conversion from 'size_t' to 'int', possible loss of data (compiling source file ..\..\..\addons\ofxOsc\src\ofxOscReceiver.cpp)
C:\Users\n\Documents\Visual Studio 2015\Projects\of_v0.9.4_vs_release\libs\openFrameworks\math\ofMatrix4x4.h(969): warning C4267: 'argument': conversion from 'size_t' to 'int', possible loss of data (compiling source file ..\..\..\addons\ofxOsc\src\ofxOscReceiver.cpp)
C:\Users\n\Documents\Visual Studio 2015\Projects\of_v0.9.4_vs_release\libs\openFrameworks\math\ofMatrix4x4.h(970): warning C4267: 'argument': conversion from 'size_t' to 'int', possible loss of data (compiling source file ..\..\..\addons\ofxOsc\src\ofxOscReceiver.cpp)
C:\Users\n\Documents\Visual Studio 2015\Projects\of_v0.9.4_vs_release\libs\openFrameworks\math\ofMatrix4x4.h(971): warning C4267: 'argument': conversion from 'size_t' to 'int', possible loss of data (compiling source file ..\..\..\addons\ofxOsc\src\ofxOscReceiver.cpp)
C:\Users\n\Documents\Visual Studio 2015\Projects\of_v0.9.4_vs_release\libs\openFrameworks\math\ofMatrix4x4.h(972): warning C4267: 'argument': conversion from 'size_t' to 'int', possible loss of data (compiling source file ..\..\..\addons\ofxOsc\src\ofxOscReceiver.cpp)
c:\users\n\documents\visual studio 2015\projects\of_v0.9.4_vs_release\addons\ofxosc\src\ofxOscBundle.h(52): warning C4267: 'return': conversion from 'size_t' to 'int', possible loss of data (compiling source file ..\..\..\addons\ofxOsc\src\ofxOscParameterSync.cpp)
c:\users\n\documents\visual studio 2015\projects\of_v0.9.4_vs_release\addons\ofxosc\src\ofxOscBundle.h(53): warning C4267: 'return': conversion from 'size_t' to 'int', possible loss of data (compiling source file ..\..\..\addons\ofxOsc\src\ofxOscParameterSync.cpp)
  ofxOscSender.cpp
  IpEndpointName.cpp
..\..\..\addons\ofxOsc\libs\oscpack\src\ip\IpEndpointName.cpp(54): warning C4996: 'sprintf': This function or variable may be unsafe. Consider using sprintf_s instead. To disable deprecation, use _CRT_SECURE_NO_WARNINGS. See online help for details.
  C:\Program Files (x86)\Windows Kits\10\Include\10.0.10240.0\ucrt\stdio.h(1769): note: see declaration of 'sprintf'
..\..\..\addons\ofxOsc\libs\oscpack\src\ip\IpEndpointName.cpp(56): warning C4996: 'sprintf': This function or variable may be unsafe. Consider using sprintf_s instead. To disable deprecation, use _CRT_SECURE_NO_WARNINGS. See online help for details.
  C:\Program Files (x86)\Windows Kits\10\Include\10.0.10240.0\ucrt\stdio.h(1769): note: see declaration of 'sprintf'
..\..\..\addons\ofxOsc\libs\oscpack\src\ip\IpEndpointName.cpp(69): warning C4996: 'sprintf': This function or variable may be unsafe. Consider using sprintf_s instead. To disable deprecation, use _CRT_SECURE_NO_WARNINGS. See online help for details.
  C:\Program Files (x86)\Windows Kits\10\Include\10.0.10240.0\ucrt\stdio.h(1769): note: see declaration of 'sprintf'
..\..\..\addons\ofxOsc\libs\oscpack\src\ip\IpEndpointName.cpp(71): warning C4996: 'sprintf': This function or variable may be unsafe. Consider using sprintf_s instead. To disable deprecation, use _CRT_SECURE_NO_WARNINGS. See online help for details.
  C:\Program Files (x86)\Windows Kits\10\Include\10.0.10240.0\ucrt\stdio.h(1769): note: see declaration of 'sprintf'
..\..\..\addons\ofxOsc\libs\oscpack\src\ip\IpEndpointName.cpp(79): warning C4996: 'sprintf': This function or variable may be unsafe. Consider using sprintf_s instead. To disable deprecation, use _CRT_SECURE_NO_WARNINGS. See online help for details.
  C:\Program Files (x86)\Windows Kits\10\Include\10.0.10240.0\ucrt\stdio.h(1769): note: see declaration of 'sprintf'
..\..\..\addons\ofxOsc\libs\oscpack\src\ip\IpEndpointName.cpp(81): warning C4996: 'sprintf': This function or variable may be unsafe. Consider using sprintf_s instead. To disable deprecation, use _CRT_SECURE_NO_WARNINGS. See online help for details.
  C:\Program Files (x86)\Windows Kits\10\Include\10.0.10240.0\ucrt\stdio.h(1769): note: see declaration of 'sprintf'
  NetworkingUtils.cpp
..\..\..\addons\ofxOsc\libs\oscpack\src\ip\win32\NetworkingUtils.cpp(88): warning C4996: 'gethostbyname': Use getaddrinfo() or GetAddrInfoW() instead or define _WINSOCK_DEPRECATED_NO_WARNINGS to disable deprecated API warnings
  C:\Program Files (x86)\Windows Kits\8.1\Include\um\winsock2.h(2238): note: see declaration of 'gethostbyname'
  UdpSocket.cpp
C:\Users\n\Documents\Visual Studio 2015\Projects\of_v0.9.4_vs_release\libs\openFrameworks\math\ofMatrix4x4.h(320): warning C4267: 'argument': conversion from 'size_t' to 'int', possible loss of data (compiling source file ..\..\..\addons\ofxOsc\src\ofxOscSender.cpp)
C:\Users\n\Documents\Visual Studio 2015\Projects\of_v0.9.4_vs_release\libs\openFrameworks\math\ofMatrix4x4.h(325): warning C4267: 'argument': conversion from 'size_t' to 'int', possible loss of data (compiling source file ..\..\..\addons\ofxOsc\src\ofxOscSender.cpp)
C:\Users\n\Documents\Visual Studio 2015\Projects\of_v0.9.4_vs_release\libs\openFrameworks\math\ofMatrix4x4.h(969): warning C4267: 'argument': conversion from 'size_t' to 'int', possible loss of data (compiling source file ..\..\..\addons\ofxOsc\src\ofxOscSender.cpp)
C:\Users\n\Documents\Visual Studio 2015\Projects\of_v0.9.4_vs_release\libs\openFrameworks\math\ofMatrix4x4.h(970): warning C4267: 'argument': conversion from 'size_t' to 'int', possible loss of data (compiling source file ..\..\..\addons\ofxOsc\src\ofxOscSender.cpp)
C:\Users\n\Documents\Visual Studio 2015\Projects\of_v0.9.4_vs_release\libs\openFrameworks\math\ofMatrix4x4.h(971): warning C4267: 'argument': conversion from 'size_t' to 'int', possible loss of data (compiling source file ..\..\..\addons\ofxOsc\src\ofxOscSender.cpp)
C:\Users\n\Documents\Visual Studio 2015\Projects\of_v0.9.4_vs_release\libs\openFrameworks\math\ofMatrix4x4.h(972): warning C4267: 'argument': conversion from 'size_t' to 'int', possible loss of data (compiling source file ..\..\..\addons\ofxOsc\src\ofxOscSender.cpp)
  OscOutboundPacketStream.cpp
..\..\..\addons\ofxOsc\libs\oscpack\src\osc\OscOutboundPacketStream.cpp(363): warning C4996: 'strcpy': This function or variable may be unsafe. Consider using strcpy_s instead. To disable deprecation, use _CRT_SECURE_NO_WARNINGS. See online help for details.
  C:\Program Files (x86)\Windows Kits\10\Include\10.0.10240.0\ucrt\string.h(119): note: see declaration of 'strcpy'
..\..\..\addons\ofxOsc\libs\oscpack\src\osc\OscOutboundPacketStream.cpp(605): warning C4996: 'strcpy': This function or variable may be unsafe. Consider using strcpy_s instead. To disable deprecation, use _CRT_SECURE_NO_WARNINGS. See online help for details.
  C:\Program Files (x86)\Windows Kits\10\Include\10.0.10240.0\ucrt\string.h(119): note: see declaration of 'strcpy'
..\..\..\addons\ofxOsc\libs\oscpack\src\osc\OscOutboundPacketStream.cpp(625): warning C4996: 'strcpy': This function or variable may be unsafe. Consider using strcpy_s instead. To disable deprecation, use _CRT_SECURE_NO_WARNINGS. See online help for details.
  C:\Program Files (x86)\Windows Kits\10\Include\10.0.10240.0\ucrt\string.h(119): note: see declaration of 'strcpy'
  OscPrintReceivedElements.cpp
  OscReceivedElements.cpp
c:\users\n\documents\visual studio 2015\projects\of_v0.9.4_vs_release\addons\ofxosc\src\ofxOscBundle.h(52): warning C4267: 'return': conversion from 'size_t' to 'int', possible loss of data (compiling source file ..\..\..\addons\ofxOsc\src\ofxOscSender.cpp)
c:\users\n\documents\visual studio 2015\projects\of_v0.9.4_vs_release\addons\ofxosc\src\ofxOscBundle.h(53): warning C4267: 'return': conversion from 'size_t' to 'int', possible loss of data (compiling source file ..\..\..\addons\ofxOsc\src\ofxOscSender.cpp)
..\..\..\addons\ofxOsc\libs\oscpack\src\osc\OscPrintReceivedElements.cpp(129): warning C4996: 'ctime': This function or variable may be unsafe. Consider using ctime_s instead. To disable deprecation, use _CRT_SECURE_NO_WARNINGS. See online help for details.
  C:\Program Files (x86)\Windows Kits\10\Include\10.0.10240.0\ucrt\time.h(475): note: see declaration of 'ctime'
  OscTypes.cpp
     Creating library bin\GLSLSwitcher.lib and object bin\GLSLSwitcher.exp
  LINK : /LTCG specified but no code generation required; remove /LTCG from the link command line to improve linker performance
  GLSLSwitcher.vcxproj -> C:\Users\n\Documents\Visual Studio 2015\Projects\of_v0.9.4_vs_release\apps\myApps\GLSLSwitcher\bin\GLSLSwitcher.exe
  
  	                   9	C:\Users\n\Documents\Visual Studio 2015\Projects\of_v0.9.4_vs_release\export\vs\x64\
